TN:
SF:src\hooks\useswr.ts
FN:12,getCacheEntry
FN:26,notifySubscribers
FN:32,useSWR
FN:51,updateComponent
FN:92,onlineListener.current
FN:105,onlineListener.current
FNF:6
FNH:4
FNDA:7,getCacheEntry
FNDA:4,notifySubscribers
FNDA:7,useSWR
FNDA:4,updateComponent
FNDA:0,onlineListener.current
FNDA:0,onlineListener.current
DA:1,1
DA:2,1
DA:3,1
DA:4,1
DA:5,1
DA:6,1
DA:7,1
DA:8,1
DA:9,1
DA:10,1
DA:11,1
DA:12,7
DA:13,7
DA:14,1
DA:15,1
DA:16,1
DA:17,1
DA:18,1
DA:19,1
DA:20,1
DA:21,1
DA:22,1
DA:23,1
DA:24,7
DA:25,7
DA:26,4
DA:27,4
DA:28,4
DA:29,4
DA:30,4
DA:31,4
DA:32,7
DA:33,7
DA:34,7
DA:35,7
DA:36,7
DA:37,7
DA:38,7
DA:39,7
DA:40,7
DA:41,7
DA:42,7
DA:43,7
DA:44,7
DA:45,2
DA:46,2
DA:47,2
DA:48,7
DA:49,7
DA:50,7
DA:51,3
DA:52,4
DA:53,4
DA:54,4
DA:55,4
DA:56,4
DA:57,4
DA:58,4
DA:59,3
DA:60,3
DA:61,3
DA:62,3
DA:63,0
DA:64,0
DA:65,3
DA:66,3
DA:67,3
DA:68,3
DA:69,7
DA:70,7
DA:71,2
DA:72,2
DA:73,2
DA:74,2
DA:75,0
DA:76,0
DA:77,2
DA:78,2
DA:79,2
DA:80,2
DA:81,2
DA:82,2
DA:83,2
DA:84,2
DA:85,2
DA:86,2
DA:87,2
DA:88,2
DA:89,2
DA:90,2
DA:91,2
DA:92,2
DA:93,2
DA:94,2
DA:95,0
DA:96,0
DA:97,0
DA:98,0
DA:99,0
DA:100,0
DA:101,0
DA:102,0
DA:103,0
DA:104,0
DA:105,0
DA:106,0
DA:107,0
DA:108,0
DA:109,0
DA:110,0
DA:111,0
DA:112,0
DA:113,0
DA:114,0
DA:115,2
DA:116,7
DA:117,7
DA:118,3
DA:119,2
DA:120,2
DA:121,7
DA:122,7
DA:123,7
DA:124,7
DA:125,7
DA:126,7
DA:127,7
DA:128,7
DA:129,1
LF:129
LH:105
BRDA:12,0,0,7
BRDA:13,1,0,1
BRDA:26,2,0,4
BRDA:29,3,0,4
BRDA:32,4,0,7
BRDA:44,5,0,2
BRDA:45,6,0,0
BRDA:50,7,0,3
BRDA:51,8,0,4
BRDA:60,9,0,3
BRDA:62,10,0,0
BRDA:70,11,0,2
BRDA:73,12,0,0
BRDA:74,13,0,0
BRDA:78,14,0,0
BRDA:94,15,0,0
BRDA:117,16,0,3
BRDA:118,17,0,2
BRDA:118,18,0,2
BRF:19
BRH:13
end_of_record
